<?xml version="1.0" encoding="UTF-8"?>
<!-- Generated by org.testng.reporters.JUnitXMLReporter -->
<testsuite ignored="2" hostname="DESKTOP-2HTDNFM" failures="0" tests="1" name="Default test" time="0.061" errors="0" timestamp="2021-04-17T17:53:08 IST">
  <testcase classname="Framework.E2ETesting.DummyTest" name="m3" time="0.014"/>
  <testcase classname="Framework.E2ETesting.DummyTest" name="m2" time="0.0">
    <ignored/>
  </testcase> <!-- m2 -->
  <testcase classname="Framework.E2ETesting.DummyTest" name="m1" time="0.0">
    <ignored/>
  </testcase> <!-- m1 -->
</testsuite> <!-- Default test -->
