<?xml version="1.0" encoding="UTF-8"?>
<!-- Generated by org.testng.reporters.JUnitXMLReporter -->
<testsuite ignored="0" hostname="DESKTOP-2HTDNFM" failures="0" tests="3" name="Command line test" time="0.061" errors="0" timestamp="2021-04-17T20:26:22 IST">
  <testcase classname="Framework.E2ETesting.DummyTest" name="m1" time="0.006"/>
  <testcase classname="Framework.E2ETesting.DummyTest" name="m2" time="0.0"/>
  <testcase classname="Framework.E2ETesting.DummyTest" name="m3" time="0.0"/>
</testsuite> <!-- Command line test -->
