<?xml version="1.0" encoding="UTF-8"?>
<!-- Generated by org.testng.reporters.JUnitXMLReporter -->
<testsuite ignored="0" hostname="DESKTOP-2HTDNFM" failures="1" tests="3" name="Test1" time="19.867" errors="0" timestamp="2021-04-17T23:25:20 IST">
  <testcase classname="Framework.E2ETesting.WorkingTest" name="callBrowser" time="11.016"/>
  <testcase classname="Framework.E2ETesting.WorkingTest" name="signIN" time="5.482"/>
  <testcase classname="Framework.E2ETesting.WorkingTest" name="dealChocolate" time="3.278">
    <failure type="java.lang.AssertionError" message="expected [true] but found [false]">
      <![CDATA[java.lang.AssertionError: expected [true] but found [false]
at Framework.E2ETesting.WorkingTest.dealChocolate(WorkingTest.java:92)
at java.base/java.util.ArrayList.forEach(ArrayList.java:1511)
... Removed 31 stack frames]]>
    </failure>
  </testcase> <!-- dealChocolate -->
</testsuite> <!-- Test1 -->
