<?xml version="1.0" encoding="UTF-8"?>
<!-- Generated by org.testng.reporters.JUnitXMLReporter -->
<testsuite ignored="0" hostname="DESKTOP-2HTDNFM" failures="0" tests="10" name="Test1" time="0.016" errors="0" timestamp="2021-04-22T16:07:20 IST">
  <testcase classname="Framework.E2ETesting.CheckTest" name="c1" time="0.001"/>
  <testcase classname="Framework.E2ETesting.CheckTest" name="c2" time="0.0"/>
  <testcase classname="Framework.E2ETesting.CheckTest" name="c3" time="0.0"/>
  <testcase classname="Framework.E2ETesting.DummyTest" name="m1" time="0.0"/>
  <testcase classname="Framework.E2ETesting.DummyTest" name="m2" time="0.001"/>
  <testcase classname="Framework.E2ETesting.DummyTest" name="m3" time="0.0"/>
  <testcase classname="Framework.E2ETesting.DummyTest" name="m4" time="0.001"/>
  <testcase classname="Framework.E2ETesting.DummyTest" name="m5" time="0.002"/>
  <testcase classname="Framework.E2ETesting.DummyTest" name="m6" time="0.0"/>
  <testcase classname="Framework.E2ETesting.DummyTest" name="m7" time="0.0"/>
</testsuite> <!-- Test1 -->
