<?xml version="1.0" encoding="UTF-8"?>
<!-- Generated by org.testng.reporters.JUnitXMLReporter -->
<testsuite ignored="0" hostname="DESKTOP-2HTDNFM" failures="0" tests="7" name="Test1" time="0.032" errors="0" timestamp="2021-04-19T16:57:25 IST">
  <testcase classname="Framework.E2ETesting.CheckTest" name="c1" time="0.012"/>
  <testcase classname="Framework.E2ETesting.CheckTest" name="c2" time="0.0"/>
  <testcase classname="Framework.E2ETesting.CheckTest" name="c3" time="0.0"/>
  <testcase classname="Framework.E2ETesting.DummyTest" name="m1" time="0.004"/>
  <testcase classname="Framework.E2ETesting.DummyTest" name="m2" time="0.0"/>
  <testcase classname="Framework.E2ETesting.DummyTest" name="m3" time="0.001"/>
  <testcase classname="Framework.E2ETesting.DummyTest" name="m4" time="0.0"/>
</testsuite> <!-- Test1 -->
