<?xml version="1.0" encoding="UTF-8"?>
<!-- Generated by org.testng.reporters.JUnitXMLReporter -->
<testsuite ignored="0" hostname="DESKTOP-2HTDNFM" failures="1" tests="3" name="Test1" time="12.003" errors="0" timestamp="2021-04-19T16:57:25 IST">
  <testcase classname="Framework.E2ETesting.WorkingTest" name="callBrowser" time="6.829"/>
  <testcase classname="Framework.E2ETesting.WorkingTest" name="signIN" time="1.783"/>
  <testcase classname="Framework.E2ETesting.WorkingTest" name="dealChocolate" time="3.308">
    <failure type="java.lang.AssertionError" message="expected [true] but found [false]">
      <![CDATA[java.lang.AssertionError: expected [true] but found [false]
at Framework.E2ETesting.WorkingTest.dealChocolate(WorkingTest.java:91)
at java.base/java.util.ArrayList.forEach(ArrayList.java:1511)
... Removed 35 stack frames]]>
    </failure>
  </testcase> <!-- dealChocolate -->
</testsuite> <!-- Test1 -->
