<?xml version="1.0" encoding="UTF-8"?>
<!-- Generated by org.testng.reporters.JUnitXMLReporter -->
<testsuite ignored="0" hostname="DESKTOP-2HTDNFM" failures="0" tests="3" name="Test2" time="0.003" errors="0" timestamp="2021-04-17T18:21:33 IST">
  <testcase classname="Framework.E2ETesting.DummyTest" name="m1" time="0.0"/>
  <testcase classname="Framework.E2ETesting.DummyTest" name="m2" time="0.0"/>
  <testcase classname="Framework.E2ETesting.DummyTest" name="m3" time="0.001"/>
</testsuite> <!-- Test2 -->
