-------------------------------------------------------------------------------
Test set: TestSuite
-------------------------------------------------------------------------------
Tests run: 26, Failures: 1, Errors: 0, Skipped: 3, Time elapsed: 21.669 s <<< FAILURE! - in TestSuite
Framework.E2ETesting.WorkingTest.electronics  Time elapsed: 0.349 s  <<< FAILURE!
java.lang.AssertionError: expected [true] but found [false]
	at Framework.E2ETesting.WorkingTest.electronics(WorkingTest.java:85)

