<?xml version="1.0" encoding="UTF-8"?>
<testng-results ignored="0" total="3" passed="3" failed="0" skipped="0">
  <reporter-output>
  </reporter-output>
  <suite started-at="2021-04-17T20:26:22 IST" name="Framework.E2ETesting.DummyTest" finished-at="2021-04-17T20:26:22 IST" duration-ms="61">
    <groups>
      <group name="side">
        <method signature="DummyTest.m2()[pri:0, instance:Framework.E2ETesting.DummyTest@4148db48]" name="m2" class="Framework.E2ETesting.DummyTest"/>
        <method signature="DummyTest.m3()[pri:0, instance:Framework.E2ETesting.DummyTest@4148db48]" name="m3" class="Framework.E2ETesting.DummyTest"/>
      </group> <!-- side -->
      <group name="main">
        <method signature="DummyTest.m1()[pri:0, instance:Framework.E2ETesting.DummyTest@4148db48]" name="m1" class="Framework.E2ETesting.DummyTest"/>
      </group> <!-- main -->
    </groups>
    <test started-at="2021-04-17T20:26:22 IST" name="Command line test" finished-at="2021-04-17T20:26:22 IST" duration-ms="61">
      <class name="Framework.E2ETesting.DummyTest">
        <test-method signature="m1()[pri:0, instance:Framework.E2ETesting.DummyTest@4148db48]" started-at="2021-04-17T20:26:22 IST" name="m1" finished-at="2021-04-17T20:26:22 IST" duration-ms="6" status="PASS">
          <reporter-output>
          </reporter-output>
        </test-method> <!-- m1 -->
        <test-method signature="m2()[pri:0, instance:Framework.E2ETesting.DummyTest@4148db48]" started-at="2021-04-17T20:26:22 IST" name="m2" finished-at="2021-04-17T20:26:22 IST" duration-ms="0" status="PASS">
          <reporter-output>
          </reporter-output>
        </test-method> <!-- m2 -->
        <test-method signature="m3()[pri:0, instance:Framework.E2ETesting.DummyTest@4148db48]" started-at="2021-04-17T20:26:22 IST" name="m3" finished-at="2021-04-17T20:26:22 IST" duration-ms="0" status="PASS">
          <reporter-output>
          </reporter-output>
        </test-method> <!-- m3 -->
      </class> <!-- Framework.E2ETesting.DummyTest -->
    </test> <!-- Command line test -->
  </suite> <!-- Framework.E2ETesting.DummyTest -->
</testng-results>
