<?xml version="1.0" encoding="UTF-8"?>
<testsuite xmlns:xsi="http://www.w3.org/2001/XMLSchema-instance" xsi:noNamespaceSchemaLocation="https://maven.apache.org/surefire/maven-surefire-plugin/xsd/surefire-test-report-3.0.xsd" version="3.0" name="TestSuite" time="26.821" tests="26" errors="0" skipped="3" failures="1">
  <properties>
[...]
</properties>
  <testcase name="callBrowser" classname="Framework.E2ETesting.WorkingTest" time="9.477">
    <system-out><![CDATA[chrome
]]></system-out>
    <system-err><![CDATA[SLF4J: Failed to load class "org.slf4j.impl.StaticLoggerBinder".
SLF4J: Defaulting to no-operation (NOP) logger implementation
SLF4J: See http://www.slf4j.org/codes.html#StaticLoggerBinder for further details.
Starting ChromeDriver 90.0.4430.24 (4c6d850f087da467d926e8eddb76550aed655991-refs/branch-heads/4430@{#429}) on port 20293
Only local connections are allowed.
Please see https://chromedriver.chromium.org/security-considerations for suggestions on keeping ChromeDriver safe.
ChromeDriver was started successfully.
Apr 22, 2021 4:07:02 PM org.openqa.selenium.remote.ProtocolHandshake createSession
INFO: Detected dialect: W3C
Apr 22, 2021 4:07:03 PM org.openqa.selenium.devtools.CdpVersionFinder findNearestMatch
WARNING: Unable to find an exact match for CDP version 90, so returning the closest version found: 86
Apr 22, 2021 4:07:03 PM org.openqa.selenium.devtools.CdpVersionFinder findNearestMatch
INFO: Found CDP implementation for version 90 of 86
]]></system-err>
  </testcase>
  <testcase name="signIN[8939756308, 8939756308](1)" classname="Framework.E2ETesting.WorkingTest" time="1.941">
    <system-out><![CDATA[Amazon Sign In
]]></system-out>
  </testcase>
  <testcase name="dealChocolate" classname="Framework.E2ETesting.WorkingTest" time="0">
    <skipped message="expected [true] but found [false]"/>
    <system-out><![CDATA[https://www.amazon.in/electronics/b/?ie=UTF8&node=976419031&ref_=nav_cs_electronics_c5b70a82461a484189e700166599ce9f
]]></system-out>
  </testcase>
  <testcase name="dealChocolate" classname="Framework.E2ETesting.WorkingTest" time="0">
    <skipped message="expected [true] but found [false]"/>
    <system-out><![CDATA[https://www.amazon.in/electronics/b/?ie=UTF8&node=976419031&ref_=nav_cs_electronics_c5b70a82461a484189e700166599ce9f
]]></system-out>
  </testcase>
  <testcase name="dealChocolate" classname="Framework.E2ETesting.WorkingTest" time="1.373">
    <failure message="expected [true] but found [false]" type="java.lang.AssertionError"><![CDATA[java.lang.AssertionError: expected [true] but found [false]
	at Framework.E2ETesting.WorkingTest.dealChocolate(WorkingTest.java:83)
]]></failure>
    <system-out><![CDATA[https://www.amazon.in/electronics/b/?ie=UTF8&node=976419031&ref_=nav_cs_electronics_c5b70a82461a484189e700166599ce9f
]]></system-out>
  </testcase>
  <testcase name="deptest" classname="Framework.E2ETesting.WorkingTest" time="0">
    <skipped message="Method WorkingTest.deptest()[pri:0, instance:Framework.E2ETesting.WorkingTest@65c7a252] depends on not successfully finished methods"/>
  </testcase>
  <testcase name="m1" classname="Framework.E2ETesting.DummyTest" time="0.006">
    <system-out><![CDATA[am in m1
]]></system-out>
  </testcase>
  <testcase name="m1" classname="Framework.E2ETesting.DummyTest" time="0.001">
    <system-out><![CDATA[am in m1
]]></system-out>
  </testcase>
  <testcase name="m2" classname="Framework.E2ETesting.DummyTest" time="0.001">
    <system-out><![CDATA[am in m2
]]></system-out>
  </testcase>
  <testcase name="m2" classname="Framework.E2ETesting.DummyTest" time="0.001">
    <system-out><![CDATA[am in m2
]]></system-out>
  </testcase>
  <testcase name="m3" classname="Framework.E2ETesting.DummyTest" time="0">
    <system-out><![CDATA[am in m3
]]></system-out>
  </testcase>
  <testcase name="m3" classname="Framework.E2ETesting.DummyTest" time="0.001">
    <system-out><![CDATA[am in m3
]]></system-out>
  </testcase>
  <testcase name="m4" classname="Framework.E2ETesting.DummyTest" time="0">
    <system-out><![CDATA[am in m4
]]></system-out>
  </testcase>
  <testcase name="m4" classname="Framework.E2ETesting.DummyTest" time="0.001">
    <system-out><![CDATA[am in m4
]]></system-out>
  </testcase>
  <testcase name="m5" classname="Framework.E2ETesting.DummyTest" time="0.001">
    <system-out><![CDATA[am in m5
]]></system-out>
  </testcase>
  <testcase name="m5" classname="Framework.E2ETesting.DummyTest" time="0.001">
    <system-out><![CDATA[am in m5
]]></system-out>
  </testcase>
  <testcase name="m6" classname="Framework.E2ETesting.DummyTest" time="0.001">
    <system-out><![CDATA[am in m6
]]></system-out>
  </testcase>
  <testcase name="m6" classname="Framework.E2ETesting.DummyTest" time="0">
    <system-out><![CDATA[am in m6
]]></system-out>
  </testcase>
  <testcase name="m7" classname="Framework.E2ETesting.DummyTest" time="0.001">
    <system-out><![CDATA[am in m7
]]></system-out>
  </testcase>
  <testcase name="m7" classname="Framework.E2ETesting.DummyTest" time="0.001">
    <system-out><![CDATA[am in m7
]]></system-out>
  </testcase>
  <testcase name="c1" classname="Framework.E2ETesting.CheckTest" time="0.004">
    <system-out><![CDATA[am in c1
]]></system-out>
  </testcase>
  <testcase name="c2" classname="Framework.E2ETesting.CheckTest" time="0">
    <system-out><![CDATA[am in c2
]]></system-out>
  </testcase>
  <testcase name="c3" classname="Framework.E2ETesting.CheckTest" time="0">
    <system-out><![CDATA[am in c3
]]></system-out>
  </testcase>
  <testcase name="vt1" classname="PackageB.ValidateTest" time="0.019">
    <system-out><![CDATA[am in vt1
]]></system-out>
  </testcase>
  <testcase name="vt2" classname="PackageB.ValidateTest" time="0.001">
    <system-out><![CDATA[am in vt2
]]></system-out>
  </testcase>
  <testcase name="vt3" classname="PackageB.ValidateTest" time="0.001">
    <system-out><![CDATA[am in vt3
]]></system-out>
  </testcase>
</testsuite>