<?xml version="1.0" encoding="UTF-8"?>
<testng-results ignored="2" total="3" passed="1" failed="0" skipped="0">
  <reporter-output>
  </reporter-output>
  <suite started-at="2021-04-17T17:53:07 IST" name="Default suite" finished-at="2021-04-17T17:53:07 IST" duration-ms="61">
    <groups>
    </groups>
    <test started-at="2021-04-17T17:53:07 IST" name="Default test" finished-at="2021-04-17T17:53:07 IST" duration-ms="61">
      <class name="Framework.E2ETesting.DummyTest">
        <test-method signature="m3()[pri:0, instance:Framework.E2ETesting.DummyTest@7205765b]" started-at="2021-04-17T17:53:07 IST" name="m3" finished-at="2021-04-17T17:53:07 IST" duration-ms="14" status="PASS">
          <reporter-output>
          </reporter-output>
        </test-method> <!-- m3 -->
      </class> <!-- Framework.E2ETesting.DummyTest -->
    </test> <!-- Default test -->
  </suite> <!-- Default suite -->
</testng-results>
