<?xml version="1.0" encoding="UTF-8"?>
<!-- Generated by org.testng.reporters.JUnitXMLReporter -->
<testsuite ignored="3" hostname="DESKTOP-2HTDNFM" failures="1" tests="1" name="Test1(failed)" time="0.075" errors="0" timestamp="2021-04-22T00:36:31 IST">
  <testcase classname="Framework.E2ETesting.WorkingTest" name="dealChocolate" time="0.011">
    <failure type="java.lang.NullPointerException" message="Cannot invoke &amp;quot;org.openqa.selenium.WebDriver.switchTo()&amp;quot; because &amp;quot;this.dr&amp;quot; is null">
      <![CDATA[java.lang.NullPointerException: Cannot invoke "org.openqa.selenium.WebDriver.switchTo()" because "this.dr" is null
at Framework.E2ETesting.WorkingTest.dealChocolate(WorkingTest.java:72)
at java.base/java.util.ArrayList.forEach(ArrayList.java:1511)
... Removed 27 stack frames]]>
    </failure>
  </testcase> <!-- dealChocolate -->
  <testcase classname="Framework.E2ETesting.WorkingTest" name="deptest" time="0.0">
    <ignored/>
  </testcase> <!-- deptest -->
  <testcase classname="Framework.E2ETesting.WorkingTest" name="callBrowser" time="0.0">
    <ignored/>
  </testcase> <!-- callBrowser -->
  <testcase classname="Framework.E2ETesting.WorkingTest" name="signIN" time="0.0">
    <ignored/>
  </testcase> <!-- signIN -->
</testsuite> <!-- Test1(failed) -->
